{"/Users/spider/WebstormProjects/nodeStudy/lesson6.js":{"path":"/Users/spider/WebstormProjects/nodeStudy/lesson6.js","s":{"1":1,"2":1,"3":0,"4":0,"5":0,"6":0,"7":0,"8":0,"9":0,"10":0,"11":0,"12":0,"13":0,"14":1,"15":0,"16":0,"17":1},"b":{"1":[0,0],"2":[0,0],"3":[0,0],"4":[0,0],"5":[0,0],"6":[0,1]},"f":{"1":1,"2":0},"fnMap":{"1":{"name":"(anonymous_1)","line":4,"loc":{"start":{"line":4,"column":16},"end":{"line":4,"column":29}}},"2":{"name":"(anonymous_2)","line":5,"loc":{"start":{"line":5,"column":20},"end":{"line":5,"column":33}}}},"statementMap":{"1":{"start":{"line":4,"column":0},"end":{"line":24,"column":2}},"2":{"start":{"line":5,"column":4},"end":{"line":23,"column":6}},"3":{"start":{"line":6,"column":8},"end":{"line":8,"column":9}},"4":{"start":{"line":7,"column":12},"end":{"line":7,"column":52}},"5":{"start":{"line":9,"column":8},"end":{"line":11,"column":9}},"6":{"start":{"line":10,"column":12},"end":{"line":10,"column":44}},"7":{"start":{"line":12,"column":8},"end":{"line":14,"column":9}},"8":{"start":{"line":13,"column":12},"end":{"line":13,"column":46}},"9":{"start":{"line":15,"column":8},"end":{"line":17,"column":9}},"10":{"start":{"line":16,"column":12},"end":{"line":16,"column":21}},"11":{"start":{"line":18,"column":8},"end":{"line":20,"column":9}},"12":{"start":{"line":19,"column":12},"end":{"line":19,"column":21}},"13":{"start":{"line":22,"column":8},"end":{"line":22,"column":47}},"14":{"start":{"line":26,"column":0},"end":{"line":31,"column":1}},"15":{"start":{"line":29,"column":4},"end":{"line":29,"column":36}},"16":{"start":{"line":30,"column":4},"end":{"line":30,"column":57}},"17":{"start":{"line":33,"column":0},"end":{"line":33,"column":30}}},"branchMap":{"1":{"line":6,"type":"if","locations":[{"start":{"line":6,"column":8},"end":{"line":6,"column":8}},{"start":{"line":6,"column":8},"end":{"line":6,"column":8}}]},"2":{"line":9,"type":"if","locations":[{"start":{"line":9,"column":8},"end":{"line":9,"column":8}},{"start":{"line":9,"column":8},"end":{"line":9,"column":8}}]},"3":{"line":12,"type":"if","locations":[{"start":{"line":12,"column":8},"end":{"line":12,"column":8}},{"start":{"line":12,"column":8},"end":{"line":12,"column":8}}]},"4":{"line":15,"type":"if","locations":[{"start":{"line":15,"column":8},"end":{"line":15,"column":8}},{"start":{"line":15,"column":8},"end":{"line":15,"column":8}}]},"5":{"line":18,"type":"if","locations":[{"start":{"line":18,"column":8},"end":{"line":18,"column":8}},{"start":{"line":18,"column":8},"end":{"line":18,"column":8}}]},"6":{"line":26,"type":"if","locations":[{"start":{"line":26,"column":0},"end":{"line":26,"column":0}},{"start":{"line":26,"column":0},"end":{"line":26,"column":0}}]}}}}